C51 COMPILER V9.00   IICBRIDGE                                                             10/20/2012 20:26:29 PAGE 1   


C51 COMPILER V9.00, COMPILATION OF MODULE IICBRIDGE
OBJECT MODULE PLACED IN iicbridge.OBJ
COMPILER INVOKED BY: C:\Keil\C51\BIN\C51.EXE iicbridge.c OPTIMIZE(6,SPEED) BROWSE DEBUG OBJECTEXTEND

line level    source

   1          #include "incfile.h"
   2          #include "ds2460.h"
   3          
   4          unsigned char g_cmd = 0;
   5          unsigned char g_flag=0;
   6          unsigned char g_action=0;
   7          unsigned char g_fifo5 = 0;
   8          unsigned char g_fifo4 = 0;              
   9          
  10          void SetTx3Transfer(unsigned char data_length)
  11          {
  12   1              unsigned char ucToggle; 
  13   1              REG1630_TX3_CNT = data_length;
  14   1              ucToggle = REG1630_TX3;
  15   1              ucToggle^=EP3_TGL;
  16   1              REG1630_TX3 = ucToggle;
  17   1                      
  18   1              SET_TX3_RDY;
  19   1      }
  20          
  21          void INTERRUPT_EP0Handler()
  22          {
  23   1                switch (REG1630_OUT0_FIFO[7]) {
  24   2                      case USB_READ_DS2460_CMD:
  25   2                              g_cmd = USB_READ_DS2460_CMD;
  26   2                              g_flag = REG1630_OUT0_FIFO[6];
  27   2                              g_fifo5 = REG1630_OUT0_FIFO[5];
  28   2                              g_fifo4 = REG1630_OUT0_FIFO[4];         
  29   2                              g_action = 1;
  30   2                              return;
  31   2                                      
  32   2                      case USB_WRITE_DS2460_CMD:
  33   2                              g_cmd = USB_WRITE_DS2460_CMD;
  34   2                              g_flag = REG1630_OUT0_FIFO[6];
  35   2                              g_action = 0;
  36   2      
  37   2                              SET_XRAMBUSB;  
  38   2                              SET_RC4_RDY;//now can receive data from rc4             
  39   2                              return;
  40   2      
  41   2                      default:
  42   2                               return;          
  43   2                 } 
  44   1      }
  45          
  46          /*
  47           *ok 1
  48           *fail 0
  49           * */
  50          static unsigned char usb_readds2460_handle(void)
  51          {
  52   1      /*完成：首先是分析读到的命令字，然后操作*/
  53   1              unsigned char *buf;
  54   1              unsigned char ret = 0;
  55   1              if (g_cmd != USB_READ_DS2460_CMD) {
C51 COMPILER V9.00   IICBRIDGE                                                             10/20/2012 20:26:29 PAGE 2   

  56   2                       return ret;
  57   2              }
  58   1      
  59   1              CLR_XRAMAUSB;
  60   1      
  61   1              switch (g_flag) {
  62   2                      case 0x01://read rom id
  63   2                              
  64   2                              buf = REG1630_XRAMA+2;
  65   2                              ret = DS2460_ReadSerialNumber(buf, 8);
  66   2                              if (ret) {
  67   3                                      REG1630_XRAMA[0]=8;
  68   3                                      REG1630_XRAMA[1]=1;
  69   3                              } else {
  70   3                                      REG1630_XRAMA[0]=0;
  71   3                                      REG1630_XRAMA[1]=0;                             
  72   3                              }       
  73   2                              break;
  74   2      
  75   2                      case 0x02://read mac code
  76   2                              buf = REG1630_XRAMA+2;
  77   2                              ret = DS2460_ReadMAC(buf, 20);
  78   2                              if (ret) {
  79   3                                        REG1630_XRAMA[0]=20;
  80   3                                        REG1630_XRAMA[1]=1;
  81   3                              } else {
  82   3      
  83   3                                        REG1630_XRAMA[0]=0;
  84   3                                        REG1630_XRAMA[1]=0;                                                   
  85   3                              }                       
  86   2                              break;
  87   2      
  88   2                      case 0x03://read input buffer data
  89   2                              buf = REG1630_XRAMA+2;
  90   2                              ret = DS2460_ReadInputSHA(buf, 55);     
  91   2                              if (ret) {
  92   3                                        REG1630_XRAMA[0]=55;
  93   3                                        REG1630_XRAMA[1]=1;
  94   3                              } else {
  95   3      
  96   3                                        REG1630_XRAMA[0]=0;
  97   3                                        REG1630_XRAMA[1]=0;                                                   
  98   3                              }               
  99   2                              break;
 100   2                 case 0x04:
 101   2                              buf = REG1630_XRAMA+2;
 102   2                              ret = DS2460_ReadEeprom(g_fifo5, buf, g_fifo4);
 103   2                              if (ret) {
 104   3                                        REG1630_XRAMA[0]=g_fifo4;
 105   3                                        REG1630_XRAMA[1]=1;
 106   3                              } else {
 107   3      
 108   3                                        REG1630_XRAMA[0]=0;
 109   3                                        REG1630_XRAMA[1]=0;                                                   
 110   3                              }               
 111   2                              break;
 112   2                      default:
 113   2                              break;
 114   2              }
 115   1              SetTx3Transfer(64);
 116   1              SET_XRAMAUSB;
 117   1      
C51 COMPILER V9.00   IICBRIDGE                                                             10/20/2012 20:26:29 PAGE 3   

 118   1              return ret;
 119   1      }
 120          
 121          static unsigned char usb_writeds2460_handle(void)
 122          {
 123   1              char ret=0;
 124   1              if (g_cmd != USB_WRITE_DS2460_CMD) {
 125   2                       return ret;
 126   2              }
 127   1      
 128   1              CLR_RC4_RDY;
 129   1              CLR_XRAMBUSB;
 130   1              switch (g_flag) {
 131   2                      case 0x01:
 132   2                              ret = DS2460_WriteInputSHA(&REG1630_XRAMB[1], REG1630_XRAMB[0]);
 133   2                              break;
 134   2      
 135   2                      case 0x02:
 136   2                              ret = DS2460_WriteSSecret(REG1630_XRAMB,8);
 137   2                              break;
 138   2      
 139   2                      case 0x03:
 140   2                              ret = DS2460_WriteESecret1(REG1630_XRAMB,8);
 141   2                              break;
 142   2      
 143   2                      case 0x04:
 144   2                              ret = DS2460_WriteESecret2(REG1630_XRAMB,8);
 145   2                              break;
 146   2      
 147   2                      case 0x05:
 148   2                              ret = DS2460_WriteESecret3(REG1630_XRAMB,8);
 149   2                              break;
 150   2      /////
 151   2                      case 0x06:
 152   2                              ret = DS2460_ComputeSHA(0, REG1630_XRAMB[0], REG1630_XRAMB[1]);
 153   2                              break;
 154   2      
 155   2                  case 0x07:
 156   2                              ret = DS2460_TransferSecret(REG1630_XRAMB[0]);
 157   2                              break;
 158   2      
 159   2                      case 0x08:
 160   2                              ret = DS2460_MatchMAC(REG1630_XRAMB,20);
 161   2                              break;
 162   2      
 163   2                      case 0x09:
 164   2                   ret = DS2460_WriteEEPROM(REG1630_XRAMB[0], &REG1630_XRAMB[2], REG1630_XRAMB[1]);
 165   2                              break;
 166   2      
 167   2      //定制          
 168   2                      case 0xFE:
 169   2                              ret = DS2460_WriteInputSHA_Custom(REG1630_XRAMB);
 170   2                              break;
 171   2      
 172   2                      default:
 173   2                              break;
 174   2              }
 175   1      //      SET_XRAMBUSB; ////////????
 176   1              CLR_XRAMAUSB;//important!!!
 177   1              if (ret == 0) {
 178   2                      REG1630_XRAMA[0] = 0x00;
 179   2              } else {
C51 COMPILER V9.00   IICBRIDGE                                                             10/20/2012 20:26:29 PAGE 4   

 180   2                      REG1630_XRAMA[0] = 0x01;                
 181   2              }
 182   1              SET_XRAMAUSB;//important!!!             
 183   1              SetTx3Transfer(64);
 184   1              return 0;
 185   1      }
 186          
 187          void usb_ds2460_loop(void)
 188          {
 189   1              if ( g_action == 0) {
 190   2                      return;
 191   2              }
 192   1              g_action = 0;
 193   1              usb_readds2460_handle();
 194   1              usb_writeds2460_handle();
 195   1      }


MODULE INFORMATION:   STATIC OVERLAYABLE
   CODE SIZE        =    613    ----
   CONSTANT SIZE    =   ----    ----
   XDATA SIZE       =   ----    ----
   PDATA SIZE       =   ----    ----
   DATA SIZE        =      5       5
   IDATA SIZE       =   ----    ----
   BIT SIZE         =   ----    ----
END OF MODULE INFORMATION.


C51 COMPILATION COMPLETE.  0 WARNING(S),  0 ERROR(S)
